<?xml version="1.0" encoding="UTF-8"?>
<testng-results skipped="0" failed="0" total="1" passed="1">
  <reporter-output>
  </reporter-output>
  <suite name="Default suite" duration-ms="6816" started-at="2022-04-12T10:59:57Z" finished-at="2022-04-12T11:00:04Z">
    <groups>
    </groups>
    <test name="Default test" duration-ms="6816" started-at="2022-04-12T10:59:57Z" finished-at="2022-04-12T11:00:04Z">
      <class name="POM.VerifyLoginOpencart">
        <test-method status="PASS" signature="TestUser()[pri:0, instance:POM.VerifyLoginOpencart@f5f2bb7]" name="TestUser" duration-ms="6805" started-at="2022-04-12T16:29:57Z" finished-at="2022-04-12T16:30:04Z">
          <reporter-output>
          </reporter-output>
        </test-method> <!-- TestUser -->
      </class> <!-- POM.VerifyLoginOpencart -->
    </test> <!-- Default test -->
  </suite> <!-- Default suite -->
</testng-results>
